<?xml version="1.0" encoding="UTF-8"?>
<!-- Generated by org.testng.reporters.JUnitReportReporter -->
<testsuite skipped="0" hostname="DESKTOP-79EUUKG" name="Com.nopcommerce.testCases.TC_01" tests="1" failures="0" timestamp="2020-09-29T11:11:32 IST" time="27.962" errors="0">
  <testcase name="TC_01" time="27.962" classname="Com.nopcommerce.testCases.TC_01"/>
  <system-out/>
</testsuite> <!-- Com.nopcommerce.testCases.TC_01 -->
